<?xml version="1.0" encoding="UTF-8"?>
<!-- Generated by org.testng.reporters.JUnitXMLReporter -->
<testsuite ignored="0" hostname="IN3261049W1" failures="1" tests="7" name="LoginTest" time="43.862" errors="0" timestamp="2022-08-12T11:02:33 IST">
  <testcase classname="com.learnautomation.testcases.LoginToApplication" name="Login" time="0.01">
    <skipped/>
  </testcase> <!-- Login -->
  <testcase classname="com.learnautomation.testcases.LoginToApplication" name="Login" time="8.771"/>
  <testcase classname="com.learnautomation.testcases.LoginToApplication" name="Login" time="4.329"/>
  <testcase classname="com.learnautomation.testcases.LoginToApplication" name="Login" time="4.474"/>
  <testcase classname="com.learnautomation.testcases.LoginToApplication" name="Login" time="4.495"/>
  <testcase classname="com.learnautomation.testcases.LoginToApplication" name="Login" time="4.463"/>
  <testcase classname="com.learnautomation.testcases.LoginToApplication" name="Login" time="2.26">
    <failure type="java.lang.AssertionError" message="Login Failed expected [true] but found [false]">
      <![CDATA[java.lang.AssertionError: Login Failed expected [true] but found [false]
at com.learnautomation.testcases.LoginToApplication.Login(LoginToApplication.java:32)
at java.base/java.util.ArrayList.forEach(ArrayList.java:1511)
... Removed 34 stack frames]]>
    </failure>
  </testcase> <!-- Login -->
</testsuite> <!-- LoginTest -->
