<?xml version="1.0" encoding="UTF-8"?>
<testng-results ignored="0" total="1" passed="1" failed="0" skipped="0">
  <reporter-output>
  </reporter-output>
  <suite started-at="2022-08-12T13:02:10 IST" name="Suite" finished-at="2022-08-12T13:02:10 IST" duration-ms="38">
    <groups>
    </groups>
    <test started-at="2022-08-12T13:02:10 IST" name="Test" finished-at="2022-08-12T13:02:10 IST" duration-ms="38">
      <class name="com.learnautomation.testcases.SampleTest">
        <test-method signature="Test1()[pri:0, instance:com.learnautomation.testcases.SampleTest@2c1b194a]" started-at="2022-08-12T13:02:10 IST" name="Test1" description="Added to test generic xml" finished-at="2022-08-12T13:02:10 IST" duration-ms="4" status="PASS">
          <reporter-output>
          </reporter-output>
        </test-method> <!-- Test1 -->
      </class> <!-- com.learnautomation.testcases.SampleTest -->
    </test> <!-- Test -->
  </suite> <!-- Suite -->
</testng-results>
