<?xml version="1.0" encoding="UTF-8"?>
<testng-results ignored="0" total="7" passed="6" failed="0" skipped="1">
  <reporter-output>
  </reporter-output>
  <suite started-at="2022-08-09T21:30:43 IST" name="Smoke" finished-at="2022-08-09T21:31:29 IST" duration-ms="45363">
    <groups>
    </groups>
    <test started-at="2022-08-09T21:30:43 IST" name="LoginTest" finished-at="2022-08-09T21:31:29 IST" duration-ms="45363">
      <class name="com.learnautomation.testcases.LoginToApplication">
        <test-method is-config="true" signature="setUp()[pri:0, instance:com.learnautomation.testcases.LoginToApplication@3abada5a]" started-at="2022-08-09T21:30:43 IST" name="setUp" finished-at="2022-08-09T21:30:54 IST" duration-ms="10552" status="PASS">
          <reporter-output>
          </reporter-output>
        </test-method> <!-- setUp -->
        <test-method signature="Login(java.lang.String,java.lang.String)[pri:1, instance:com.learnautomation.testcases.LoginToApplication@3abada5a]" started-at="2022-08-09T21:30:54 IST" name="Login" description="Login" data-provider="Login" finished-at="2022-08-09T21:30:55 IST" duration-ms="18" status="SKIP">
          <params>
            <param index="0">
              <value is-null="true"/>
            </param>
            <param index="1">
              <value is-null="true"/>
            </param>
          </params>
          <exception class="org.testng.SkipException">
            <message>
              <![CDATA[Null Login data]]>
            </message>
            <full-stacktrace>
              <![CDATA[org.testng.SkipException: Null Login data
at com.learnautomation.pages.LoginPage.loginToApplication(LoginPage.java:37)
at com.learnautomation.testcases.LoginToApplication.Login(LoginToApplication.java:21)
at java.base/jdk.internal.reflect.NativeMethodAccessorImpl.invoke0(Native Method)
at java.base/jdk.internal.reflect.NativeMethodAccessorImpl.invoke(NativeMethodAccessorImpl.java:77)
at java.base/jdk.internal.reflect.DelegatingMethodAccessorImpl.invoke(DelegatingMethodAccessorImpl.java:43)
at java.base/java.lang.reflect.Method.invoke(Method.java:568)
at org.testng.internal.MethodInvocationHelper.invokeMethod(MethodInvocationHelper.java:133)
at org.testng.internal.TestInvoker.invokeMethod(TestInvoker.java:598)
at org.testng.internal.TestInvoker.invokeTestMethod(TestInvoker.java:173)
at org.testng.internal.MethodRunner.runInSequence(MethodRunner.java:46)
at org.testng.internal.TestInvoker$MethodInvocationAgent.invoke(TestInvoker.java:824)
at org.testng.internal.TestInvoker.invokeTestMethods(TestInvoker.java:146)
at org.testng.internal.TestMethodWorker.invokeTestMethods(TestMethodWorker.java:146)
at org.testng.internal.TestMethodWorker.run(TestMethodWorker.java:128)
at java.base/java.util.ArrayList.forEach(ArrayList.java:1511)
at org.testng.TestRunner.privateRun(TestRunner.java:794)
at org.testng.TestRunner.run(TestRunner.java:596)
at org.testng.SuiteRunner.runTest(SuiteRunner.java:377)
at org.testng.SuiteRunner.runSequentially(SuiteRunner.java:371)
at org.testng.SuiteRunner.privateRun(SuiteRunner.java:332)
at org.testng.SuiteRunner.run(SuiteRunner.java:276)
at org.testng.SuiteRunnerWorker.runSuite(SuiteRunnerWorker.java:53)
at org.testng.SuiteRunnerWorker.run(SuiteRunnerWorker.java:96)
at org.testng.TestNG.runSuitesSequentially(TestNG.java:1212)
at org.testng.TestNG.runSuitesLocally(TestNG.java:1134)
at org.testng.TestNG.runSuites(TestNG.java:1063)
at org.testng.TestNG.run(TestNG.java:1031)
at org.testng.remote.AbstractRemoteTestNG.run(AbstractRemoteTestNG.java:115)
at org.testng.remote.RemoteTestNG.initAndRun(RemoteTestNG.java:251)
at org.testng.remote.RemoteTestNG.main(RemoteTestNG.java:77)
]]>
            </full-stacktrace>
          </exception> <!-- org.testng.SkipException -->
          <reporter-output>
          </reporter-output>
        </test-method> <!-- Login -->
        <test-method signature="Login(java.lang.String,java.lang.String)[pri:1, instance:com.learnautomation.testcases.LoginToApplication@3abada5a]" started-at="2022-08-09T21:30:55 IST" name="Login" description="Login" data-provider="Login" finished-at="2022-08-09T21:31:04 IST" duration-ms="9482" status="PASS">
          <params>
            <param index="0">
              <value>
                <![CDATA[Admin]]>
              </value>
            </param>
            <param index="1">
              <value>
                <![CDATA[admin123]]>
              </value>
            </param>
          </params>
          <reporter-output>
          </reporter-output>
        </test-method> <!-- Login -->
        <test-method signature="Login(java.lang.String,java.lang.String)[pri:1, instance:com.learnautomation.testcases.LoginToApplication@3abada5a]" started-at="2022-08-09T21:31:04 IST" name="Login" description="Login" data-provider="Login" finished-at="2022-08-09T21:31:09 IST" duration-ms="4795" status="PASS">
          <params>
            <param index="0">
              <value>
                <![CDATA[Admin]]>
              </value>
            </param>
            <param index="1">
              <value>
                <![CDATA[admin123]]>
              </value>
            </param>
          </params>
          <reporter-output>
          </reporter-output>
        </test-method> <!-- Login -->
        <test-method signature="Login(java.lang.String,java.lang.String)[pri:1, instance:com.learnautomation.testcases.LoginToApplication@3abada5a]" started-at="2022-08-09T21:31:09 IST" name="Login" description="Login" data-provider="Login" finished-at="2022-08-09T21:31:14 IST" duration-ms="4904" status="PASS">
          <params>
            <param index="0">
              <value>
                <![CDATA[Admin]]>
              </value>
            </param>
            <param index="1">
              <value>
                <![CDATA[admin123]]>
              </value>
            </param>
          </params>
          <reporter-output>
          </reporter-output>
        </test-method> <!-- Login -->
        <test-method signature="Login(java.lang.String,java.lang.String)[pri:1, instance:com.learnautomation.testcases.LoginToApplication@3abada5a]" started-at="2022-08-09T21:31:14 IST" name="Login" description="Login" data-provider="Login" finished-at="2022-08-09T21:31:19 IST" duration-ms="4999" status="PASS">
          <params>
            <param index="0">
              <value>
                <![CDATA[Admin]]>
              </value>
            </param>
            <param index="1">
              <value>
                <![CDATA[admin123]]>
              </value>
            </param>
          </params>
          <reporter-output>
          </reporter-output>
        </test-method> <!-- Login -->
        <test-method signature="Login(java.lang.String,java.lang.String)[pri:1, instance:com.learnautomation.testcases.LoginToApplication@3abada5a]" started-at="2022-08-09T21:31:19 IST" name="Login" description="Login" data-provider="Login" finished-at="2022-08-09T21:31:23 IST" duration-ms="4672" status="PASS">
          <params>
            <param index="0">
              <value>
                <![CDATA[Admin]]>
              </value>
            </param>
            <param index="1">
              <value>
                <![CDATA[admin123]]>
              </value>
            </param>
          </params>
          <reporter-output>
          </reporter-output>
        </test-method> <!-- Login -->
        <test-method signature="Login(java.lang.String,java.lang.String)[pri:1, instance:com.learnautomation.testcases.LoginToApplication@3abada5a]" started-at="2022-08-09T21:31:23 IST" name="Login" description="Login" data-provider="Login" finished-at="2022-08-09T21:31:28 IST" duration-ms="4778" status="PASS">
          <params>
            <param index="0">
              <value>
                <![CDATA[Admin]]>
              </value>
            </param>
            <param index="1">
              <value>
                <![CDATA[admin123]]>
              </value>
            </param>
          </params>
          <reporter-output>
          </reporter-output>
        </test-method> <!-- Login -->
        <test-method is-config="true" signature="tearDown()[pri:0, instance:com.learnautomation.testcases.LoginToApplication@3abada5a]" started-at="2022-08-09T21:31:28 IST" name="tearDown" description=" Tear Down" finished-at="2022-08-09T21:31:29 IST" duration-ms="376" status="PASS">
          <reporter-output>
          </reporter-output>
        </test-method> <!-- tearDown -->
      </class> <!-- com.learnautomation.testcases.LoginToApplication -->
    </test> <!-- LoginTest -->
  </suite> <!-- Smoke -->
</testng-results>
