<?xml version="1.0" encoding="UTF-8"?>
<!-- Generated by org.testng.reporters.JUnitXMLReporter -->
<testsuite ignored="0" hostname="IN3261049W1" failures="0" tests="7" name="LoginTest" time="45.363" errors="0" timestamp="2022-08-09T21:31:29 IST">
  <testcase classname="com.learnautomation.testcases.LoginToApplication" name="Login" time="0.018">
    <skipped/>
  </testcase> <!-- Login -->
  <testcase classname="com.learnautomation.testcases.LoginToApplication" name="Login" time="9.482"/>
  <testcase classname="com.learnautomation.testcases.LoginToApplication" name="Login" time="4.795"/>
  <testcase classname="com.learnautomation.testcases.LoginToApplication" name="Login" time="4.904"/>
  <testcase classname="com.learnautomation.testcases.LoginToApplication" name="Login" time="4.999"/>
  <testcase classname="com.learnautomation.testcases.LoginToApplication" name="Login" time="4.672"/>
  <testcase classname="com.learnautomation.testcases.LoginToApplication" name="Login" time="4.778"/>
</testsuite> <!-- LoginTest -->
